Build started 9/17/2014 12:37:30 PM.
     1>Project "C:\Users\José\Documents\School\CIS17C\Homework\SimpleVector\SimpleVector\SimpleVector.vcxproj" on node 2 (Build target(s)).
     1>ClCompile:
         C:\Program Files (x86)\Microsoft Visual Studio 12.0\VC\bin\CL.exe /c /ZI /nologo /W3 /WX- /sdl /Od /Oy- /D WIN32 /D _DEBUG /D _CONSOLE /D _LIB /D _UNICODE /D UNICODE /Gm /EHsc /RTC1 /MDd /GS /fp:precise /Zc:wchar_t /Zc:forScope /Fo"Debug\\" /Fd"Debug\vc120.pdb" /Gd /TP /analyze- /errorReport:prompt main.cpp
         main.cpp
     1>c:\users\josé\documents\school\cis17c\homework\simplevector\simplevector\simplevector.h(173): error C2664: 'SimpleVector<int>::SimpleVector(const SimpleVector<int> &)' : cannot convert argument 1 from 'SimpleVector<int> *const ' to 'int'
                 There is no context in which this conversion is possible
                 c:\users\josé\documents\school\cis17c\homework\simplevector\simplevector\simplevector.h(171) : while compiling class template member function 'void SimpleVector<int>::pushElement(T)'
                 with
                 [
                     T=int
                 ]
                 c:\users\josé\documents\school\cis17c\homework\simplevector\simplevector\main.cpp(21) : see reference to function template instantiation 'void SimpleVector<int>::pushElement(T)' being compiled
                 with
                 [
                     T=int
                 ]
                 c:\users\josé\documents\school\cis17c\homework\simplevector\simplevector\main.cpp(16) : see reference to class template instantiation 'SimpleVector<int>' being compiled
     1>c:\users\josé\documents\school\cis17c\homework\simplevector\simplevector\simplevector.h(174): error C2819: type 'SimpleVector<int>' does not have an overloaded member 'operator ->'
                 did you intend to use '.' instead?
     1>c:\users\josé\documents\school\cis17c\homework\simplevector\simplevector\simplevector.h(174): error C2232: '->SimpleVector<int>::size' : left operand has 'class' type, use '.'
     1>Done Building Project "C:\Users\José\Documents\School\CIS17C\Homework\SimpleVector\SimpleVector\SimpleVector.vcxproj" (Build target(s)) -- FAILED.

Build FAILED.

Time Elapsed 00:00:00.49
